!SESSION Tue Apr 02 19:37:25 CST 2019 ------------------------------------------
!ENTRY org.eclipse.equinox.launcher 4 0 2019-04-02 19:37:25.418
!MESSAGE Exception opening splash: eclipse_1801.so in JAR file: /home/rock/.SpaceVim.d/jdt-language-server-latest/plugins/org.eclipse.equinox.launcher.gtk.linux.x86_64_1.1.1000.v20190125-2016.jar
!STACK
java.nio.file.FileAlreadyExistsException: /home/rock/.SpaceVim.d/jdt-language-server-latest/config_Linux/org.eclipse.equinox.launcher/org.eclipse.equinox.launcher.gtk.linux.x86_64_1.1.1000.v20190125-2016/eclipse_1801.so
	at sun.nio.fs.UnixException.translateToIOException(UnixException.java:88)
	at sun.nio.fs.UnixException.rethrowAsIOException(UnixException.java:102)
	at sun.nio.fs.UnixException.rethrowAsIOException(UnixException.java:107)
	at sun.nio.fs.UnixFileSystemProvider.newByteChannel(UnixFileSystemProvider.java:214)
	at java.nio.file.spi.FileSystemProvider.newOutputStream(FileSystemProvider.java:434)
	at java.nio.file.Files.newOutputStream(Files.java:216)
	at java.nio.file.Files.copy(Files.java:3016)
	at org.eclipse.equinox.launcher.Main.extractFromJAR(Main.java:2319)
	at org.eclipse.equinox.launcher.Main.getLibraryFromFragment(Main.java:536)
	at org.eclipse.equinox.launcher.Main.getLibraryPath(Main.java:496)
	at org.eclipse.equinox.launcher.Main.setupJNI(Main.java:449)
	at org.eclipse.equinox.launcher.Main.basicRun(Main.java:580)
	at org.eclipse.equinox.launcher.Main.run(Main.java:1476)
	at org.eclipse.equinox.launcher.Main.main(Main.java:1449)

!SESSION 2019-04-02 19:37:25.244 -----------------------------------------------
eclipse.buildId=unknown
java.version=1.8.0_201
java.vendor=Oracle Corporation
BootLoader constants: OS=linux, ARCH=x86_64, WS=gtk, NL=en_US
Command-line arguments:  -data /home/rock/.cache/javalsp

!ENTRY org.eclipse.osgi 4 0 2019-04-02 19:37:30.011
!MESSAGE Application error
!STACK 1
java.lang.IllegalStateException: Unable to acquire application service. Ensure that the org.eclipse.core.runtime bundle is resolved and started (see config.ini).
	at org.eclipse.core.runtime.internal.adaptor.EclipseAppLauncher.start(EclipseAppLauncher.java:81)
	at org.eclipse.core.runtime.adaptor.EclipseStarter.run(EclipseStarter.java:400)
	at org.eclipse.core.runtime.adaptor.EclipseStarter.run(EclipseStarter.java:255)
	at sun.reflect.NativeMethodAccessorImpl.invoke0(Native Method)
	at sun.reflect.NativeMethodAccessorImpl.invoke(NativeMethodAccessorImpl.java:62)
	at sun.reflect.DelegatingMethodAccessorImpl.invoke(DelegatingMethodAccessorImpl.java:43)
	at java.lang.reflect.Method.invoke(Method.java:498)
	at org.eclipse.equinox.launcher.Main.invokeFramework(Main.java:661)
	at org.eclipse.equinox.launcher.Main.basicRun(Main.java:597)
	at org.eclipse.equinox.launcher.Main.run(Main.java:1476)
	at org.eclipse.equinox.launcher.Main.main(Main.java:1449)
